

Microchip MPLAB XC8 Assembler V2.32 build 20210201212658 
                                                                                               Thu Aug 05 11:59:41 2021

Microchip MPLAB XC8 C Compiler v2.32 (Free license) build 20210201212658 Og1 
     1                           	processor	16F887
     2                           	pagewidth 120
     3                           	opt	flic
     4                           	psect	cinit,global,class=CODE,merge=1,delta=2
     5                           	psect	bssCOMMON,global,class=COMMON,space=1,delta=1,noexec
     6                           	psect	bssBANK0,global,class=BANK0,space=1,delta=1,noexec
     7                           	psect	cstackCOMMON,global,class=COMMON,space=1,delta=1,noexec
     8                           	psect	cstackBANK0,global,class=BANK0,space=1,delta=1,noexec
     9                           	psect	maintext,global,class=CODE,split=1,delta=2
    10                           	psect	text1,local,class=CODE,merge=1,delta=2
    11                           	psect	text2,local,class=CODE,merge=1,delta=2
    12                           	psect	text3,local,class=CODE,merge=1,delta=2
    13                           	psect	text4,local,class=CODE,merge=1,delta=2
    14                           	psect	intentry,global,class=CODE,delta=2
    15                           	psect	text5,local,class=CODE,merge=1,delta=2
    16                           	psect	text6,local,class=CODE,merge=1,delta=2
    17                           	psect	text7,local,class=CODE,merge=1,delta=2
    18                           	psect	config,global,abs,ovrld,class=CONFIG,space=4,delta=2,noexec
    19                           	dabs	1,0x7E,2
    20  0000                     
    21                           ; Version 2.20
    22                           ; Generated 12/02/2020 GMT
    23                           ; 
    24                           ; Copyright © 2020, Microchip Technology Inc. and its subsidiaries ("Microchip")
    25                           ; All rights reserved.
    26                           ; 
    27                           ; This software is developed by Microchip Technology Inc. and its subsidiaries ("Microch
      +                          ip").
    28                           ; 
    29                           ; Redistribution and use in source and binary forms, with or without modification, are
    30                           ; permitted provided that the following conditions are met:
    31                           ; 
    32                           ;     1. Redistributions of source code must retain the above copyright notice, this lis
      +                          t of
    33                           ;        conditions and the following disclaimer.
    34                           ; 
    35                           ;     2. Redistributions in binary form must reproduce the above copyright notice, this 
      +                          list
    36                           ;        of conditions and the following disclaimer in the documentation and/or other
    37                           ;        materials provided with the distribution.
    38                           ; 
    39                           ;     3. Microchip's name may not be used to endorse or promote products derived from th
      +                          is
    40                           ;        software without specific prior written permission.
    41                           ; 
    42                           ; THIS SOFTWARE IS PROVIDED BY MICROCHIP "AS IS" AND ANY EXPRESS OR IMPLIED WARRANTIES,
    43                           ; INCLUDING, BUT NOT LIMITED TO, THE IMPLIED WARRANTIES OF MERCHANTABILITY AND FITNESS F
      +                          OR
    44                           ; PURPOSE ARE DISCLAIMED.  IN NO EVENT SHALL MICROCHIP BE LIABLE FOR ANY DIRECT, INDIREC
      +                          T,
    45                           ; INCIDENTAL, SPECIAL, EXEMPLARY, OR CONSEQUENTIAL DAMAGES (INCLUDING BUT NOT LIMITED TO
    46                           ; PROCUREMENT OF SUBSTITUTE GOODS OR SERVICES; LOSS OF USE, DATA OR PROFITS; OR BUSINESS
    47                           ; INTERRUPTION) HOWSOEVER CAUSED AND ON ANY THEORY OF LIABILITY, WHETHER IN CONTRACT, ST
      +                          RICT
    48                           ; LIABILITY, OR TORT (INCLUDING NEGLIGENCE OR OTHERWISE) ARISING IN ANY WAY OUT OF THE U
      +                          SE OF
    49                           ; THIS SOFTWARE, EVEN IF ADVISED OF THE POSSIBILITY OF SUCH DAMAGE.
    50                           ; 
    51                           ; 
    52                           ; Code-generator required, PIC16F887 Definitions
    53                           ; 
    54                           ; SFR Addresses
    55  0000                     	;# 
    56  0001                     	;# 
    57  0002                     	;# 
    58  0003                     	;# 
    59  0004                     	;# 
    60  0005                     	;# 
    61  0006                     	;# 
    62  0007                     	;# 
    63  0008                     	;# 
    64  0009                     	;# 
    65  000A                     	;# 
    66  000B                     	;# 
    67  000C                     	;# 
    68  000D                     	;# 
    69  000E                     	;# 
    70  000E                     	;# 
    71  000F                     	;# 
    72  0010                     	;# 
    73  0011                     	;# 
    74  0012                     	;# 
    75  0013                     	;# 
    76  0014                     	;# 
    77  0015                     	;# 
    78  0015                     	;# 
    79  0016                     	;# 
    80  0017                     	;# 
    81  0018                     	;# 
    82  0019                     	;# 
    83  001A                     	;# 
    84  001B                     	;# 
    85  001B                     	;# 
    86  001C                     	;# 
    87  001D                     	;# 
    88  001E                     	;# 
    89  001F                     	;# 
    90  0081                     	;# 
    91  0085                     	;# 
    92  0086                     	;# 
    93  0087                     	;# 
    94  0088                     	;# 
    95  0089                     	;# 
    96  008C                     	;# 
    97  008D                     	;# 
    98  008E                     	;# 
    99  008F                     	;# 
   100  0090                     	;# 
   101  0091                     	;# 
   102  0092                     	;# 
   103  0093                     	;# 
   104  0093                     	;# 
   105  0093                     	;# 
   106  0094                     	;# 
   107  0095                     	;# 
   108  0096                     	;# 
   109  0097                     	;# 
   110  0098                     	;# 
   111  0099                     	;# 
   112  009A                     	;# 
   113  009B                     	;# 
   114  009C                     	;# 
   115  009D                     	;# 
   116  009E                     	;# 
   117  009F                     	;# 
   118  0105                     	;# 
   119  0107                     	;# 
   120  0108                     	;# 
   121  0109                     	;# 
   122  010C                     	;# 
   123  010C                     	;# 
   124  010D                     	;# 
   125  010E                     	;# 
   126  010F                     	;# 
   127  0185                     	;# 
   128  0187                     	;# 
   129  0188                     	;# 
   130  0189                     	;# 
   131  018C                     	;# 
   132  018D                     	;# 
   133  0000                     	;# 
   134  0001                     	;# 
   135  0002                     	;# 
   136  0003                     	;# 
   137  0004                     	;# 
   138  0005                     	;# 
   139  0006                     	;# 
   140  0007                     	;# 
   141  0008                     	;# 
   142  0009                     	;# 
   143  000A                     	;# 
   144  000B                     	;# 
   145  000C                     	;# 
   146  000D                     	;# 
   147  000E                     	;# 
   148  000E                     	;# 
   149  000F                     	;# 
   150  0010                     	;# 
   151  0011                     	;# 
   152  0012                     	;# 
   153  0013                     	;# 
   154  0014                     	;# 
   155  0015                     	;# 
   156  0015                     	;# 
   157  0016                     	;# 
   158  0017                     	;# 
   159  0018                     	;# 
   160  0019                     	;# 
   161  001A                     	;# 
   162  001B                     	;# 
   163  001B                     	;# 
   164  001C                     	;# 
   165  001D                     	;# 
   166  001E                     	;# 
   167  001F                     	;# 
   168  0081                     	;# 
   169  0085                     	;# 
   170  0086                     	;# 
   171  0087                     	;# 
   172  0088                     	;# 
   173  0089                     	;# 
   174  008C                     	;# 
   175  008D                     	;# 
   176  008E                     	;# 
   177  008F                     	;# 
   178  0090                     	;# 
   179  0091                     	;# 
   180  0092                     	;# 
   181  0093                     	;# 
   182  0093                     	;# 
   183  0093                     	;# 
   184  0094                     	;# 
   185  0095                     	;# 
   186  0096                     	;# 
   187  0097                     	;# 
   188  0098                     	;# 
   189  0099                     	;# 
   190  009A                     	;# 
   191  009B                     	;# 
   192  009C                     	;# 
   193  009D                     	;# 
   194  009E                     	;# 
   195  009F                     	;# 
   196  0105                     	;# 
   197  0107                     	;# 
   198  0108                     	;# 
   199  0109                     	;# 
   200  010C                     	;# 
   201  010C                     	;# 
   202  010D                     	;# 
   203  010E                     	;# 
   204  010F                     	;# 
   205  0185                     	;# 
   206  0187                     	;# 
   207  0188                     	;# 
   208  0189                     	;# 
   209  018C                     	;# 
   210  018D                     	;# 
   211  0000                     	;# 
   212  0001                     	;# 
   213  0002                     	;# 
   214  0003                     	;# 
   215  0004                     	;# 
   216  0005                     	;# 
   217  0006                     	;# 
   218  0007                     	;# 
   219  0008                     	;# 
   220  0009                     	;# 
   221  000A                     	;# 
   222  000B                     	;# 
   223  000C                     	;# 
   224  000D                     	;# 
   225  000E                     	;# 
   226  000E                     	;# 
   227  000F                     	;# 
   228  0010                     	;# 
   229  0011                     	;# 
   230  0012                     	;# 
   231  0013                     	;# 
   232  0014                     	;# 
   233  0015                     	;# 
   234  0015                     	;# 
   235  0016                     	;# 
   236  0017                     	;# 
   237  0018                     	;# 
   238  0019                     	;# 
   239  001A                     	;# 
   240  001B                     	;# 
   241  001B                     	;# 
   242  001C                     	;# 
   243  001D                     	;# 
   244  001E                     	;# 
   245  001F                     	;# 
   246  0081                     	;# 
   247  0085                     	;# 
   248  0086                     	;# 
   249  0087                     	;# 
   250  0088                     	;# 
   251  0089                     	;# 
   252  008C                     	;# 
   253  008D                     	;# 
   254  008E                     	;# 
   255  008F                     	;# 
   256  0090                     	;# 
   257  0091                     	;# 
   258  0092                     	;# 
   259  0093                     	;# 
   260  0093                     	;# 
   261  0093                     	;# 
   262  0094                     	;# 
   263  0095                     	;# 
   264  0096                     	;# 
   265  0097                     	;# 
   266  0098                     	;# 
   267  0099                     	;# 
   268  009A                     	;# 
   269  009B                     	;# 
   270  009C                     	;# 
   271  009D                     	;# 
   272  009E                     	;# 
   273  009F                     	;# 
   274  0105                     	;# 
   275  0107                     	;# 
   276  0108                     	;# 
   277  0109                     	;# 
   278  010C                     	;# 
   279  010C                     	;# 
   280  010D                     	;# 
   281  010E                     	;# 
   282  010F                     	;# 
   283  0185                     	;# 
   284  0187                     	;# 
   285  0188                     	;# 
   286  0189                     	;# 
   287  018C                     	;# 
   288  018D                     	;# 
   289  0000                     	;# 
   290  0001                     	;# 
   291  0002                     	;# 
   292  0003                     	;# 
   293  0004                     	;# 
   294  0005                     	;# 
   295  0006                     	;# 
   296  0007                     	;# 
   297  0008                     	;# 
   298  0009                     	;# 
   299  000A                     	;# 
   300  000B                     	;# 
   301  000C                     	;# 
   302  000D                     	;# 
   303  000E                     	;# 
   304  000E                     	;# 
   305  000F                     	;# 
   306  0010                     	;# 
   307  0011                     	;# 
   308  0012                     	;# 
   309  0013                     	;# 
   310  0014                     	;# 
   311  0015                     	;# 
   312  0015                     	;# 
   313  0016                     	;# 
   314  0017                     	;# 
   315  0018                     	;# 
   316  0019                     	;# 
   317  001A                     	;# 
   318  001B                     	;# 
   319  001B                     	;# 
   320  001C                     	;# 
   321  001D                     	;# 
   322  001E                     	;# 
   323  001F                     	;# 
   324  0081                     	;# 
   325  0085                     	;# 
   326  0086                     	;# 
   327  0087                     	;# 
   328  0088                     	;# 
   329  0089                     	;# 
   330  008C                     	;# 
   331  008D                     	;# 
   332  008E                     	;# 
   333  008F                     	;# 
   334  0090                     	;# 
   335  0091                     	;# 
   336  0092                     	;# 
   337  0093                     	;# 
   338  0093                     	;# 
   339  0093                     	;# 
   340  0094                     	;# 
   341  0095                     	;# 
   342  0096                     	;# 
   343  0097                     	;# 
   344  0098                     	;# 
   345  0099                     	;# 
   346  009A                     	;# 
   347  009B                     	;# 
   348  009C                     	;# 
   349  009D                     	;# 
   350  009E                     	;# 
   351  009F                     	;# 
   352  0105                     	;# 
   353  0107                     	;# 
   354  0108                     	;# 
   355  0109                     	;# 
   356  010C                     	;# 
   357  010C                     	;# 
   358  010D                     	;# 
   359  010E                     	;# 
   360  010F                     	;# 
   361  0185                     	;# 
   362  0187                     	;# 
   363  0188                     	;# 
   364  0189                     	;# 
   365  018C                     	;# 
   366  018D                     	;# 
   367  000B                     _INTCONbits	set	11
   368  0008                     _PORTD	set	8
   369  0006                     _PORTB	set	6
   370  001E                     _ADRESH	set	30
   371  000C                     _PIR1bits	set	12
   372  001F                     _ADCON0bits	set	31
   373  0013                     _SSPBUF	set	19
   374  0014                     _SSPCON	set	20
   375  0063                     _SSPIF	set	99
   376  008F                     _OSCCONbits	set	143
   377  008C                     _PIE1bits	set	140
   378  0088                     _TRISD	set	136
   379  0086                     _TRISB	set	134
   380  0085                     _TRISAbits	set	133
   381  009F                     _ADCON1bits	set	159
   382  0094                     _SSPSTATbits	set	148
   383  0094                     _SSPSTAT	set	148
   384  043B                     _TRISC3	set	1083
   385  043D                     _TRISC5	set	1085
   386  0189                     _ANSELH	set	393
   387  0188                     _ANSEL	set	392
   388                           
   389                           	psect	cinit
   390  000F                     start_initialization:	
   391                           ; #config settings
   392                           
   393  000F                     __initialization:
   394                           
   395                           ; Clear objects allocated to COMMON
   396  000F  01F5               	clrf	__pbssCOMMON& (0+127)
   397  0010  01F6               	clrf	(__pbssCOMMON+1)& (0+127)
   398  0011  01F7               	clrf	(__pbssCOMMON+2)& (0+127)
   399  0012  01F8               	clrf	(__pbssCOMMON+3)& (0+127)
   400                           
   401                           ; Clear objects allocated to BANK0
   402  0013  1283               	bcf	3,5	;RP0=0, select bank0
   403  0014  1303               	bcf	3,6	;RP1=0, select bank0
   404  0015  01A0               	clrf	__pbssBANK0& (0+127)
   405  0016  01A1               	clrf	(__pbssBANK0+1)& (0+127)
   406  0017  01A2               	clrf	(__pbssBANK0+2)& (0+127)
   407  0018  01A3               	clrf	(__pbssBANK0+3)& (0+127)
   408  0019  01A4               	clrf	(__pbssBANK0+4)& (0+127)
   409  001A  01A5               	clrf	(__pbssBANK0+5)& (0+127)
   410  001B  01A6               	clrf	(__pbssBANK0+6)& (0+127)
   411  001C  01A7               	clrf	(__pbssBANK0+7)& (0+127)
   412  001D                     end_of_initialization:	
   413                           ;End of C runtime variable initialization code
   414                           
   415  001D                     __end_of__initialization:
   416  001D  0183               	clrf	3
   417  001E  120A  118A  293A   	ljmp	_main	;jump to C main() function
   418                           
   419                           	psect	bssCOMMON
   420  0075                     __pbssCOMMON:
   421  0075                     _ADC2:
   422  0075                     	ds	2
   423  0077                     _ADC:
   424  0077                     	ds	2
   425                           
   426                           	psect	bssBANK0
   427  0020                     __pbssBANK0:
   428  0020                     _contador:
   429  0020                     	ds	2
   430  0022                     _trash03:
   431  0022                     	ds	2
   432  0024                     _trash02:
   433  0024                     	ds	2
   434  0026                     _trash01:
   435  0026                     	ds	2
   436                           
   437                           	psect	cstackCOMMON
   438  0070                     __pcstackCOMMON:
   439  0070                     ?_setup:
   440  0070                     ?_spiReceiveWait:	
   441                           ; 1 bytes @ 0x0
   442                           
   443  0070                     ??_spiReceiveWait:	
   444                           ; 1 bytes @ 0x0
   445                           
   446  0070                     ?_spiWrite:	
   447                           ; 1 bytes @ 0x0
   448                           
   449  0070                     ??_spiWrite:	
   450                           ; 1 bytes @ 0x0
   451                           
   452  0070                     ?_spiRead:	
   453                           ; 1 bytes @ 0x0
   454                           
   455  0070                     ??_spiRead:	
   456                           ; 1 bytes @ 0x0
   457                           
   458  0070                     ?_ADC_config:	
   459                           ; 1 bytes @ 0x0
   460                           
   461  0070                     ?_isr:	
   462                           ; 1 bytes @ 0x0
   463                           
   464  0070                     ?_main:	
   465                           ; 1 bytes @ 0x0
   466                           
   467  0070                     spiWrite@dat:	
   468                           ; 1 bytes @ 0x0
   469                           
   470                           
   471                           ; 1 bytes @ 0x0
   472  0070                     	ds	1
   473  0071                     ??_isr:
   474                           
   475                           ; 1 bytes @ 0x1
   476  0071                     	ds	4
   477  0075                     ??_setup:
   478  0075                     ??_spiInit:	
   479                           ; 1 bytes @ 0x5
   480                           
   481                           
   482                           	psect	cstackBANK0
   483  0028                     __pcstackBANK0:	
   484                           ; 1 bytes @ 0x5
   485                           
   486  0028                     ?_spiInit:
   487  0028                     ??_ADC_config:	
   488                           ; 1 bytes @ 0x0
   489                           
   490  0028                     spiInit@sDataSample:	
   491                           ; 1 bytes @ 0x0
   492                           
   493                           
   494                           ; 1 bytes @ 0x0
   495  0028                     	ds	1
   496  0029                     spiInit@sClockIdle:
   497                           
   498                           ; 1 bytes @ 0x1
   499  0029                     	ds	1
   500  002A                     spiInit@sTransmitEdge:
   501  002A                     ADC_config@frec:	
   502                           ; 1 bytes @ 0x2
   503                           
   504                           
   505                           ; 1 bytes @ 0x2
   506  002A                     	ds	1
   507  002B                     spiInit@sType:
   508                           
   509                           ; 1 bytes @ 0x3
   510  002B                     	ds	1
   511  002C                     ??_main:
   512                           
   513                           ; 1 bytes @ 0x4
   514  002C                     	ds	1
   515                           
   516                           	psect	maintext
   517  013A                     __pmaintext:	
   518 ;;
   519 ;;Main: autosize = 0, tempsize = 1, incstack = 0, save=0
   520 ;;
   521 ;; *************** function _main *****************
   522 ;; Defined at:
   523 ;;		line 78 in file "esclab3.c"
   524 ;; Parameters:    Size  Location     Type
   525 ;;		None
   526 ;; Auto vars:     Size  Location     Type
   527 ;;		None
   528 ;; Return value:  Size  Location     Type
   529 ;;                  1    wreg      void 
   530 ;; Registers used:
   531 ;;		wreg, fsr0l, fsr0h, status,2, status,0, pclath, cstack
   532 ;; Tracked objects:
   533 ;;		On entry : B00/0
   534 ;;		On exit  : 0/0
   535 ;;		Unchanged: 0/0
   536 ;; Data sizes:     COMMON   BANK0   BANK1   BANK3   BANK2
   537 ;;      Params:         0       0       0       0       0
   538 ;;      Locals:         0       0       0       0       0
   539 ;;      Temps:          0       1       0       0       0
   540 ;;      Totals:         0       1       0       0       0
   541 ;;Total ram usage:        1 bytes
   542 ;; Hardware stack levels required when called: 5
   543 ;; This function calls:
   544 ;;		_setup
   545 ;; This function is called by:
   546 ;;		Startup code after reset
   547 ;; This function uses a non-reentrant model
   548 ;;
   549                           
   550                           
   551                           ;psect for function _main
   552  013A                     _main:
   553  013A                     l1135:	
   554                           ;incstack = 0
   555                           ; Regs used in _main: [wreg-fsr0h+status,2+status,0+pclath+cstack]
   556                           
   557                           
   558                           ;esclab3.c: 80: 
   559  013A  120A  118A  20EE  120A  118A  	fcall	_setup
   560  013F                     l1137:
   561                           
   562                           ;esclab3.c: 82: }
   563  013F  1283               	bcf	3,5	;RP0=0, select bank0
   564  0140  1303               	bcf	3,6	;RP1=0, select bank0
   565  0141  189F               	btfsc	31,1	;volatile
   566  0142  2944               	goto	u161
   567  0143  2945               	goto	u160
   568  0144                     u161:
   569  0144  293F               	goto	l1137
   570  0145                     u160:
   571  0145                     l1139:
   572  0145  3020               	movlw	32
   573  0146  1283               	bcf	3,5	;RP0=0, select bank0
   574  0147  1303               	bcf	3,6	;RP1=0, select bank0
   575  0148  00AC               	movwf	??_main
   576  0149                     u177:
   577  0149  0BAC               	decfsz	??_main,f
   578  014A  2949               	goto	u177
   579  014B  0000               	nop
   580  014C                     l1141:
   581  014C  1283               	bcf	3,5	;RP0=0, select bank0
   582  014D  1303               	bcf	3,6	;RP1=0, select bank0
   583  014E  149F               	bsf	31,1	;volatile
   584  014F  293F               	goto	l1137
   585  0150  120A  118A  280C   	ljmp	start
   586  0153                     __end_of_main:
   587                           
   588                           	psect	text1
   589  00EE                     __ptext1:	
   590 ;; *************** function _setup *****************
   591 ;; Defined at:
   592 ;;		line 91 in file "esclab3.c"
   593 ;; Parameters:    Size  Location     Type
   594 ;;		None
   595 ;; Auto vars:     Size  Location     Type
   596 ;;		None
   597 ;; Return value:  Size  Location     Type
   598 ;;                  1    wreg      void 
   599 ;; Registers used:
   600 ;;		wreg, fsr0l, fsr0h, status,2, status,0, pclath, cstack
   601 ;; Tracked objects:
   602 ;;		On entry : 0/0
   603 ;;		On exit  : 0/0
   604 ;;		Unchanged: 0/0
   605 ;; Data sizes:     COMMON   BANK0   BANK1   BANK3   BANK2
   606 ;;      Params:         0       0       0       0       0
   607 ;;      Locals:         0       0       0       0       0
   608 ;;      Temps:          0       0       0       0       0
   609 ;;      Totals:         0       0       0       0       0
   610 ;;Total ram usage:        0 bytes
   611 ;; Hardware stack levels used: 1
   612 ;; Hardware stack levels required when called: 4
   613 ;; This function calls:
   614 ;;		_ADC_config
   615 ;;		_spiInit
   616 ;; This function is called by:
   617 ;;		_main
   618 ;; This function uses a non-reentrant model
   619 ;;
   620                           
   621                           
   622                           ;psect for function _setup
   623  00EE                     _setup:
   624  00EE                     l1097:	
   625                           ;incstack = 0
   626                           ; Regs used in _setup: [wreg-fsr0h+status,2+status,0+pclath+cstack]
   627                           
   628  00EE  3003               	movlw	3
   629  00EF  1683               	bsf	3,5	;RP0=1, select bank3
   630  00F0  1703               	bsf	3,6	;RP1=1, select bank3
   631  00F1  0088               	movwf	8	;volatile
   632  00F2                     l1099:
   633  00F2  0189               	clrf	9	;volatile
   634  00F3                     l1101:
   635  00F3  1683               	bsf	3,5	;RP0=1, select bank1
   636  00F4  1303               	bcf	3,6	;RP1=0, select bank1
   637  00F5  1405               	bsf	5,0	;volatile
   638  00F6                     l1103:
   639  00F6  1485               	bsf	5,1	;volatile
   640  00F7                     l1105:
   641  00F7  0186               	clrf	6	;volatile
   642  00F8                     l1107:
   643  00F8  0188               	clrf	8	;volatile
   644  00F9                     l1109:
   645  00F9  1283               	bcf	3,5	;RP0=0, select bank0
   646  00FA  1303               	bcf	3,6	;RP1=0, select bank0
   647  00FB  0186               	clrf	6	;volatile
   648  00FC                     l1111:
   649  00FC  0188               	clrf	8	;volatile
   650  00FD                     l1113:
   651  00FD  178B               	bsf	11,7	;volatile
   652  00FE                     l1115:
   653  00FE  170B               	bsf	11,6	;volatile
   654  00FF                     l1117:
   655  00FF  118C               	bcf	12,3	;volatile
   656  0100                     l1119:
   657  0100  1683               	bsf	3,5	;RP0=1, select bank1
   658  0101  1303               	bcf	3,6	;RP1=0, select bank1
   659  0102  158C               	bsf	12,3	;volatile
   660  0103                     l1121:
   661  0103  1685               	bsf	5,5	;volatile
   662  0104                     l1123:
   663  0104  1283               	bcf	3,5	;RP0=0, select bank0
   664  0105  1303               	bcf	3,6	;RP1=0, select bank0
   665  0106  01A8               	clrf	spiInit@sDataSample
   666  0107  01A9               	clrf	spiInit@sClockIdle
   667  0108  01AA               	clrf	spiInit@sTransmitEdge
   668  0109  3024               	movlw	36
   669  010A  120A  118A  211C  120A  118A  	fcall	_spiInit
   670  010F                     l1125:
   671  010F  1683               	bsf	3,5	;RP0=1, select bank1
   672  0110  1303               	bcf	3,6	;RP1=0, select bank1
   673  0111  120F               	bcf	15,4	;volatile
   674  0112                     l1127:
   675  0112  168F               	bsf	15,5	;volatile
   676  0113                     l1129:
   677  0113  170F               	bsf	15,6	;volatile
   678  0114                     l1131:
   679  0114  140F               	bsf	15,0	;volatile
   680  0115                     l1133:
   681  0115  3002               	movlw	2
   682  0116  120A  118A  2021  120A  118A  	fcall	_ADC_config
   683  011B                     l123:
   684  011B  0008               	return
   685  011C                     __end_of_setup:
   686                           
   687                           	psect	text2
   688  011C                     __ptext2:	
   689 ;; *************** function _spiInit *****************
   690 ;; Defined at:
   691 ;;		line 10 in file "spi.c"
   692 ;; Parameters:    Size  Location     Type
   693 ;;  sType           1    wreg     enum E1264
   694 ;;  sDataSample     1    0[BANK0 ] enum E1272
   695 ;;  sClockIdle      1    1[BANK0 ] enum E1276
   696 ;;  sTransmitEdg    1    2[BANK0 ] enum E1280
   697 ;; Auto vars:     Size  Location     Type
   698 ;;  sType           1    3[BANK0 ] enum E1264
   699 ;; Return value:  Size  Location     Type
   700 ;;                  1    wreg      void 
   701 ;; Registers used:
   702 ;;		wreg, status,2, status,0
   703 ;; Tracked objects:
   704 ;;		On entry : 0/0
   705 ;;		On exit  : 0/0
   706 ;;		Unchanged: 0/0
   707 ;; Data sizes:     COMMON   BANK0   BANK1   BANK3   BANK2
   708 ;;      Params:         0       3       0       0       0
   709 ;;      Locals:         0       1       0       0       0
   710 ;;      Temps:          0       0       0       0       0
   711 ;;      Totals:         0       4       0       0       0
   712 ;;Total ram usage:        4 bytes
   713 ;; Hardware stack levels used: 1
   714 ;; Hardware stack levels required when called: 3
   715 ;; This function calls:
   716 ;;		Nothing
   717 ;; This function is called by:
   718 ;;		_setup
   719 ;; This function uses a non-reentrant model
   720 ;;
   721                           
   722                           
   723                           ;psect for function _spiInit
   724  011C                     _spiInit:
   725                           
   726                           ;incstack = 0
   727                           ; Regs used in _spiInit: [wreg+status,2+status,0]
   728                           ;spiInit@sType stored from wreg
   729  011C  1283               	bcf	3,5	;RP0=0, select bank0
   730  011D  1303               	bcf	3,6	;RP1=0, select bank0
   731  011E  00AB               	movwf	spiInit@sType
   732  011F                     l1011:
   733                           
   734                           ;spi.c: 10: void spiInit(Spi_Type sType, Spi_Data_Sample sDataSample, Spi_Clock_Idle sCl
      +                          ockIdle, Spi_Transmit_Edge sTransmitEdge);spi.c: 11: {;spi.c: 12:     TRISC5 = 0;
   735  011F  1683               	bsf	3,5	;RP0=1, select bank1
   736  0120  1303               	bcf	3,6	;RP1=0, select bank1
   737  0121  1287               	bcf	7,5	;volatile
   738                           
   739                           ;spi.c: 13:     if(sType & 0b00000100)
   740  0122  1283               	bcf	3,5	;RP0=0, select bank0
   741  0123  1303               	bcf	3,6	;RP1=0, select bank0
   742  0124  1D2B               	btfss	spiInit@sType,2
   743  0125  2927               	goto	u151
   744  0126  2928               	goto	u150
   745  0127                     u151:
   746  0127  292E               	goto	l1017
   747  0128                     u150:
   748  0128                     l1013:
   749                           
   750                           ;spi.c: 14:     {;spi.c: 15:         SSPSTAT = sTransmitEdge;
   751  0128  082A               	movf	spiInit@sTransmitEdge,w
   752  0129  1683               	bsf	3,5	;RP0=1, select bank1
   753  012A  1303               	bcf	3,6	;RP1=0, select bank1
   754  012B  0094               	movwf	20	;volatile
   755  012C                     l1015:
   756                           
   757                           ;spi.c: 16:         TRISC3 = 1;
   758  012C  1587               	bsf	7,3	;volatile
   759                           
   760                           ;spi.c: 17:     }
   761  012D  2934               	goto	l16
   762  012E                     l1017:
   763                           
   764                           ;spi.c: 19:     {;spi.c: 20:         SSPSTAT = sDataSample | sTransmitEdge;
   765  012E  0828               	movf	spiInit@sDataSample,w
   766  012F  042A               	iorwf	spiInit@sTransmitEdge,w
   767  0130  1683               	bsf	3,5	;RP0=1, select bank1
   768  0131  1303               	bcf	3,6	;RP1=0, select bank1
   769  0132  0094               	movwf	20	;volatile
   770  0133                     l1019:
   771                           
   772                           ;spi.c: 21:         TRISC3 = 0;
   773  0133  1187               	bcf	7,3	;volatile
   774  0134                     l16:	
   775                           ;spi.c: 22:     }
   776                           
   777                           
   778                           ;spi.c: 24:     SSPCON = sType | sClockIdle;
   779  0134  1283               	bcf	3,5	;RP0=0, select bank0
   780  0135  1303               	bcf	3,6	;RP1=0, select bank0
   781  0136  082B               	movf	spiInit@sType,w
   782  0137  0429               	iorwf	spiInit@sClockIdle,w
   783  0138  0094               	movwf	20	;volatile
   784  0139                     l17:
   785  0139  0008               	return
   786  013A                     __end_of_spiInit:
   787                           
   788                           	psect	text3
   789  0021                     __ptext3:	
   790 ;; *************** function _ADC_config *****************
   791 ;; Defined at:
   792 ;;		line 21 in file "adc.c"
   793 ;; Parameters:    Size  Location     Type
   794 ;;  frec            1    wreg     unsigned char 
   795 ;; Auto vars:     Size  Location     Type
   796 ;;  frec            1    2[BANK0 ] unsigned char 
   797 ;; Return value:  Size  Location     Type
   798 ;;                  1    wreg      void 
   799 ;; Registers used:
   800 ;;		wreg, fsr0l, fsr0h, status,2, status,0
   801 ;; Tracked objects:
   802 ;;		On entry : 0/0
   803 ;;		On exit  : 0/0
   804 ;;		Unchanged: 0/0
   805 ;; Data sizes:     COMMON   BANK0   BANK1   BANK3   BANK2
   806 ;;      Params:         0       0       0       0       0
   807 ;;      Locals:         0       1       0       0       0
   808 ;;      Temps:          0       2       0       0       0
   809 ;;      Totals:         0       3       0       0       0
   810 ;;Total ram usage:        3 bytes
   811 ;; Hardware stack levels used: 1
   812 ;; Hardware stack levels required when called: 3
   813 ;; This function calls:
   814 ;;		Nothing
   815 ;; This function is called by:
   816 ;;		_setup
   817 ;; This function uses a non-reentrant model
   818 ;;
   819                           
   820                           
   821                           ;psect for function _ADC_config
   822  0021                     _ADC_config:
   823                           
   824                           ;incstack = 0
   825                           ; Regs used in _ADC_config: [wreg-fsr0h+status,2+status,0]
   826                           ;ADC_config@frec stored from wreg
   827  0021  1283               	bcf	3,5	;RP0=0, select bank0
   828  0022  1303               	bcf	3,6	;RP1=0, select bank0
   829  0023  00AA               	movwf	ADC_config@frec
   830  0024                     l1021:
   831                           
   832                           ;adc.c: 22:     switch(frec){
   833  0024  2875               	goto	l1089
   834  0025                     l1023:
   835                           
   836                           ;adc.c: 24:             ADCON0bits.CHS = 0;
   837  0025  30C3               	movlw	-61
   838  0026  059F               	andwf	31,f	;volatile
   839  0027                     l1025:
   840                           
   841                           ;adc.c: 25:             _delay((unsigned long)((100)*(4000000/4000000.0)));
   842  0027  3020               	movlw	32
   843  0028  1283               	bcf	3,5	;RP0=0, select bank0
   844  0029  1303               	bcf	3,6	;RP1=0, select bank0
   845  002A  00A8               	movwf	??_ADC_config
   846  002B                     u187:
   847  002B  0BA8               	decfsz	??_ADC_config,f
   848  002C  282B               	goto	u187
   849  002D  0000               	nop
   850  002E                     l1027:
   851                           
   852                           ;adc.c: 27:             ADCON0bits.ADCS0 = 0;
   853  002E  1283               	bcf	3,5	;RP0=0, select bank0
   854  002F  1303               	bcf	3,6	;RP1=0, select bank0
   855  0030  131F               	bcf	31,6	;volatile
   856  0031                     l1029:
   857                           
   858                           ;adc.c: 28:             ADCON0bits.ADCS1 = 0;
   859  0031  139F               	bcf	31,7	;volatile
   860  0032                     l1031:
   861                           
   862                           ;adc.c: 29:             ADCON0bits.ADON = 1;
   863  0032  141F               	bsf	31,0	;volatile
   864  0033                     l1033:
   865                           
   866                           ;adc.c: 30:             ADCON1bits.ADFM = 0;
   867  0033  1683               	bsf	3,5	;RP0=1, select bank1
   868  0034  1303               	bcf	3,6	;RP1=0, select bank1
   869  0035  139F               	bcf	31,7	;volatile
   870  0036                     l1035:
   871                           
   872                           ;adc.c: 31:             ADCON1bits.VCFG1 = 0;
   873  0036  129F               	bcf	31,5	;volatile
   874  0037                     l1037:
   875                           
   876                           ;adc.c: 32:             ADCON1bits.VCFG0 = 0;
   877  0037  121F               	bcf	31,4	;volatile
   878                           
   879                           ;adc.c: 33:             break;
   880  0038  288B               	goto	l49
   881  0039                     l1039:
   882                           
   883                           ;adc.c: 35:             ADCON0bits.CHS = 0;
   884  0039  30C3               	movlw	-61
   885  003A  059F               	andwf	31,f	;volatile
   886  003B                     l1041:
   887                           
   888                           ;adc.c: 36:             _delay((unsigned long)((100)*(4000000/4000000.0)));
   889  003B  3020               	movlw	32
   890  003C  1283               	bcf	3,5	;RP0=0, select bank0
   891  003D  1303               	bcf	3,6	;RP1=0, select bank0
   892  003E  00A8               	movwf	??_ADC_config
   893  003F                     u197:
   894  003F  0BA8               	decfsz	??_ADC_config,f
   895  0040  283F               	goto	u197
   896  0041  0000               	nop
   897  0042                     l1043:
   898                           
   899                           ;adc.c: 38:             ADCON0bits.ADCS0 = 1;
   900  0042  1283               	bcf	3,5	;RP0=0, select bank0
   901  0043  1303               	bcf	3,6	;RP1=0, select bank0
   902  0044  171F               	bsf	31,6	;volatile
   903  0045                     l1045:
   904                           
   905                           ;adc.c: 39:             ADCON0bits.ADCS1 = 0;
   906  0045  139F               	bcf	31,7	;volatile
   907  0046                     l1047:
   908                           
   909                           ;adc.c: 40:             ADCON0bits.ADON = 1;
   910  0046  141F               	bsf	31,0	;volatile
   911  0047                     l1049:
   912                           
   913                           ;adc.c: 41:             ADCON1bits.ADFM = 0;
   914  0047  1683               	bsf	3,5	;RP0=1, select bank1
   915  0048  1303               	bcf	3,6	;RP1=0, select bank1
   916  0049  139F               	bcf	31,7	;volatile
   917  004A                     l1051:
   918                           
   919                           ;adc.c: 42:             ADCON1bits.VCFG1 = 0;
   920  004A  129F               	bcf	31,5	;volatile
   921  004B                     l1053:
   922                           
   923                           ;adc.c: 43:             ADCON1bits.VCFG0 = 0;
   924  004B  121F               	bcf	31,4	;volatile
   925                           
   926                           ;adc.c: 44:             break;
   927  004C  288B               	goto	l49
   928  004D                     l1055:
   929                           
   930                           ;adc.c: 46:             ADCON0bits.CHS = 0;
   931  004D  30C3               	movlw	-61
   932  004E  059F               	andwf	31,f	;volatile
   933  004F                     l1057:
   934                           
   935                           ;adc.c: 47:             _delay((unsigned long)((100)*(4000000/4000000.0)));
   936  004F  3020               	movlw	32
   937  0050  1283               	bcf	3,5	;RP0=0, select bank0
   938  0051  1303               	bcf	3,6	;RP1=0, select bank0
   939  0052  00A8               	movwf	??_ADC_config
   940  0053                     u207:
   941  0053  0BA8               	decfsz	??_ADC_config,f
   942  0054  2853               	goto	u207
   943  0055  0000               	nop
   944  0056                     l1059:
   945                           
   946                           ;adc.c: 49:             ADCON0bits.ADCS0 = 0;
   947  0056  1283               	bcf	3,5	;RP0=0, select bank0
   948  0057  1303               	bcf	3,6	;RP1=0, select bank0
   949  0058  131F               	bcf	31,6	;volatile
   950  0059                     l1061:
   951                           
   952                           ;adc.c: 50:             ADCON0bits.ADCS1 = 1;
   953  0059  179F               	bsf	31,7	;volatile
   954  005A                     l1063:
   955                           
   956                           ;adc.c: 51:             ADCON0bits.ADON = 1;
   957  005A  141F               	bsf	31,0	;volatile
   958  005B                     l1065:
   959                           
   960                           ;adc.c: 52:             ADCON1bits.ADFM = 0;
   961  005B  1683               	bsf	3,5	;RP0=1, select bank1
   962  005C  1303               	bcf	3,6	;RP1=0, select bank1
   963  005D  139F               	bcf	31,7	;volatile
   964  005E                     l1067:
   965                           
   966                           ;adc.c: 53:             ADCON1bits.VCFG1 = 0;
   967  005E  129F               	bcf	31,5	;volatile
   968  005F                     l1069:
   969                           
   970                           ;adc.c: 54:             ADCON1bits.VCFG0 = 0;
   971  005F  121F               	bcf	31,4	;volatile
   972                           
   973                           ;adc.c: 55:             break;
   974  0060  288B               	goto	l49
   975  0061                     l1071:
   976                           
   977                           ;adc.c: 57:             ADCON0bits.CHS = 0;
   978  0061  30C3               	movlw	-61
   979  0062  059F               	andwf	31,f	;volatile
   980  0063                     l1073:
   981                           
   982                           ;adc.c: 58:             _delay((unsigned long)((100)*(4000000/4000000.0)));
   983  0063  3020               	movlw	32
   984  0064  1283               	bcf	3,5	;RP0=0, select bank0
   985  0065  1303               	bcf	3,6	;RP1=0, select bank0
   986  0066  00A8               	movwf	??_ADC_config
   987  0067                     u217:
   988  0067  0BA8               	decfsz	??_ADC_config,f
   989  0068  2867               	goto	u217
   990  0069  0000               	nop
   991  006A                     l1075:
   992                           
   993                           ;adc.c: 60:             ADCON0bits.ADCS0 = 1;
   994  006A  1283               	bcf	3,5	;RP0=0, select bank0
   995  006B  1303               	bcf	3,6	;RP1=0, select bank0
   996  006C  171F               	bsf	31,6	;volatile
   997  006D                     l1077:
   998                           
   999                           ;adc.c: 61:             ADCON0bits.ADCS1 = 1;
  1000  006D  179F               	bsf	31,7	;volatile
  1001  006E                     l1079:
  1002                           
  1003                           ;adc.c: 62:             ADCON0bits.ADON = 1;
  1004  006E  141F               	bsf	31,0	;volatile
  1005  006F                     l1081:
  1006                           
  1007                           ;adc.c: 63:             ADCON1bits.ADFM = 0;
  1008  006F  1683               	bsf	3,5	;RP0=1, select bank1
  1009  0070  1303               	bcf	3,6	;RP1=0, select bank1
  1010  0071  139F               	bcf	31,7	;volatile
  1011  0072                     l1083:
  1012                           
  1013                           ;adc.c: 64:             ADCON1bits.VCFG1 = 0;
  1014  0072  129F               	bcf	31,5	;volatile
  1015  0073                     l1085:
  1016                           
  1017                           ;adc.c: 65:             ADCON1bits.VCFG0 = 0;
  1018  0073  121F               	bcf	31,4	;volatile
  1019                           
  1020                           ;adc.c: 66:             break;
  1021  0074  288B               	goto	l49
  1022  0075                     l1089:
  1023  0075  082A               	movf	ADC_config@frec,w
  1024  0076  00A8               	movwf	??_ADC_config
  1025  0077  01A9               	clrf	??_ADC_config+1
  1026                           
  1027                           ; Switch on 2 bytes has been partitioned into a top level switch of size 1, and 1 sub-sw
      +                          itches
  1028                           ; Switch size 1, requested type "simple"
  1029                           ; Number of cases is 1, Range of values is 0 to 0
  1030                           ; switch strategies available:
  1031                           ; Name         Instructions Cycles
  1032                           ; simple_byte            4     3 (average)
  1033                           ; direct_byte           11     8 (fixed)
  1034                           ; jumptable            260     6 (fixed)
  1035                           ;	Chosen strategy is simple_byte
  1036  0078  0829               	movf	??_ADC_config+1,w
  1037  0079  3A00               	xorlw	0	; case 0
  1038  007A  1903               	skipnz
  1039  007B  287D               	goto	l1173
  1040  007C  288B               	goto	l49
  1041  007D                     l1173:
  1042                           
  1043                           ; Switch size 1, requested type "simple"
  1044                           ; Number of cases is 4, Range of values is 0 to 3
  1045                           ; switch strategies available:
  1046                           ; Name         Instructions Cycles
  1047                           ; simple_byte           13     7 (average)
  1048                           ; direct_byte           20     8 (fixed)
  1049                           ; jumptable            260     6 (fixed)
  1050                           ;	Chosen strategy is simple_byte
  1051  007D  0828               	movf	??_ADC_config,w
  1052  007E  3A00               	xorlw	0	; case 0
  1053  007F  1903               	skipnz
  1054  0080  2825               	goto	l1023
  1055  0081  3A01               	xorlw	1	; case 1
  1056  0082  1903               	skipnz
  1057  0083  2839               	goto	l1039
  1058  0084  3A03               	xorlw	3	; case 2
  1059  0085  1903               	skipnz
  1060  0086  284D               	goto	l1055
  1061  0087  3A01               	xorlw	1	; case 3
  1062  0088  1903               	skipnz
  1063  0089  2861               	goto	l1071
  1064  008A  288B               	goto	l49
  1065  008B                     l49:
  1066  008B  0008               	return
  1067  008C                     __end_of_ADC_config:
  1068                           
  1069                           	psect	text4
  1070  008C                     __ptext4:	
  1071 ;; *************** function _isr *****************
  1072 ;; Defined at:
  1073 ;;		line 54 in file "esclab3.c"
  1074 ;; Parameters:    Size  Location     Type
  1075 ;;		None
  1076 ;; Auto vars:     Size  Location     Type
  1077 ;;		None
  1078 ;; Return value:  Size  Location     Type
  1079 ;;                  1    wreg      void 
  1080 ;; Registers used:
  1081 ;;		wreg, status,2, status,0, pclath, cstack
  1082 ;; Tracked objects:
  1083 ;;		On entry : 0/0
  1084 ;;		On exit  : 0/0
  1085 ;;		Unchanged: 0/0
  1086 ;; Data sizes:     COMMON   BANK0   BANK1   BANK3   BANK2
  1087 ;;      Params:         0       0       0       0       0
  1088 ;;      Locals:         0       0       0       0       0
  1089 ;;      Temps:          4       0       0       0       0
  1090 ;;      Totals:         4       0       0       0       0
  1091 ;;Total ram usage:        4 bytes
  1092 ;; Hardware stack levels used: 1
  1093 ;; Hardware stack levels required when called: 2
  1094 ;; This function calls:
  1095 ;;		_spiRead
  1096 ;;		_spiWrite
  1097 ;; This function is called by:
  1098 ;;		Interrupt level 1
  1099 ;; This function uses a non-reentrant model
  1100 ;;
  1101                           
  1102                           
  1103                           ;psect for function _isr
  1104  008C                     _isr:
  1105  008C                     i1l961:
  1106                           
  1107                           ;esclab3.c: 58:     TRISAbits.TRISA0 = 1;
  1108  008C  1283               	bcf	3,5	;RP0=0, select bank0
  1109  008D  1303               	bcf	3,6	;RP1=0, select bank0
  1110  008E  1F0C               	btfss	12,6	;volatile
  1111  008F  2891               	goto	u10_21
  1112  0090  2892               	goto	u10_20
  1113  0091                     u10_21:
  1114  0091  28BA               	goto	i1l977
  1115  0092                     u10_20:
  1116  0092                     i1l963:
  1117                           
  1118                           ;esclab3.c: 59:     TRISAbits.TRISA1 = 1;;esclab3.c: 60: 
  1119  0092  0C1F               	rrf	31,w	;volatile
  1120  0093  00F1               	movwf	??_isr
  1121  0094  0C71               	rrf	??_isr,w
  1122  0095  390F               	andlw	15
  1123  0096  3A00               	xorlw	0
  1124  0097  1D03               	skipz
  1125  0098  289A               	goto	u11_21
  1126  0099  289B               	goto	u11_20
  1127  009A                     u11_21:
  1128  009A  28A7               	goto	i1l969
  1129  009B                     u11_20:
  1130  009B                     i1l965:
  1131                           
  1132                           ;esclab3.c: 61:     TRISB = 0;
  1133  009B  081E               	movf	30,w	;volatile
  1134  009C  00F1               	movwf	??_isr
  1135  009D  01F2               	clrf	??_isr+1
  1136  009E  0871               	movf	??_isr,w
  1137  009F  00F7               	movwf	_ADC
  1138  00A0  0872               	movf	??_isr+1,w
  1139  00A1  00F8               	movwf	_ADC+1
  1140  00A2                     i1l967:
  1141                           
  1142                           ;esclab3.c: 62:     TRISD = 0;
  1143  00A2  081F               	movf	31,w	;volatile
  1144  00A3  39C3               	andlw	-61
  1145  00A4  3804               	iorlw	4
  1146  00A5  009F               	movwf	31	;volatile
  1147  00A6  28B9               	goto	i1l975
  1148  00A7                     i1l969:
  1149  00A7  0C1F               	rrf	31,w	;volatile
  1150  00A8  00F1               	movwf	??_isr
  1151  00A9  0C71               	rrf	??_isr,w
  1152  00AA  390F               	andlw	15
  1153  00AB  3A01               	xorlw	1
  1154  00AC  1D03               	skipz
  1155  00AD  28AF               	goto	u12_21
  1156  00AE  28B0               	goto	u12_20
  1157  00AF                     u12_21:
  1158  00AF  28B9               	goto	i1l975
  1159  00B0                     u12_20:
  1160  00B0                     i1l971:
  1161                           
  1162                           ;esclab3.c: 64:     PORTB = 0;
  1163  00B0  30C3               	movlw	-61
  1164  00B1  059F               	andwf	31,f	;volatile
  1165  00B2                     i1l973:
  1166                           
  1167                           ;esclab3.c: 65:     PORTD = 0;
  1168  00B2  081E               	movf	30,w	;volatile
  1169  00B3  00F1               	movwf	??_isr
  1170  00B4  01F2               	clrf	??_isr+1
  1171  00B5  0871               	movf	??_isr,w
  1172  00B6  00F5               	movwf	_ADC2
  1173  00B7  0872               	movf	??_isr+1,w
  1174  00B8  00F6               	movwf	_ADC2+1
  1175  00B9                     i1l975:
  1176                           
  1177                           ;esclab3.c: 66: 
  1178  00B9  130C               	bcf	12,6	;volatile
  1179  00BA                     i1l977:
  1180                           
  1181                           ;esclab3.c: 68:     INTCONbits.PEIE = 1;
  1182  00BA  1D8C               	btfss	12,3	;volatile
  1183  00BB  28BD               	goto	u13_21
  1184  00BC  28BE               	goto	u13_20
  1185  00BD                     u13_21:
  1186  00BD  28E7               	goto	i1l111
  1187  00BE                     u13_20:
  1188  00BE                     i1l979:
  1189                           
  1190                           ;esclab3.c: 69:     PIR1bits.SSPIF = 0;
  1191  00BE  120A  118A  2153  120A  118A  	fcall	_spiRead
  1192  00C3  00F1               	movwf	??_isr
  1193  00C4  01F2               	clrf	??_isr+1
  1194  00C5  0871               	movf	??_isr,w
  1195  00C6  1283               	bcf	3,5	;RP0=0, select bank0
  1196  00C7  1303               	bcf	3,6	;RP1=0, select bank0
  1197  00C8  00A6               	movwf	_trash01
  1198  00C9  0872               	movf	??_isr+1,w
  1199  00CA  00A7               	movwf	_trash01+1
  1200                           
  1201                           ;esclab3.c: 70:     PIE1bits.SSPIE = 1;
  1202  00CB  0875               	movf	_ADC2,w
  1203  00CC  120A  118A  2163  120A  118A  	fcall	_spiWrite
  1204                           
  1205                           ;esclab3.c: 71:     TRISAbits.TRISA5 = 1;
  1206  00D1  120A  118A  2153  120A  118A  	fcall	_spiRead
  1207  00D6  00F1               	movwf	??_isr
  1208  00D7  01F2               	clrf	??_isr+1
  1209  00D8  0871               	movf	??_isr,w
  1210  00D9  1283               	bcf	3,5	;RP0=0, select bank0
  1211  00DA  1303               	bcf	3,6	;RP1=0, select bank0
  1212  00DB  00A4               	movwf	_trash02
  1213  00DC  0872               	movf	??_isr+1,w
  1214  00DD  00A5               	movwf	_trash02+1
  1215                           
  1216                           ;esclab3.c: 72:     spiInit(SPI_SLAVE_SS_EN, SPI_DATA_SAMPLE_MIDDLE, SPI_CLOCK_IDLE_LOW,
  1217  00DE  0877               	movf	_ADC,w
  1218  00DF  120A  118A  2163  120A  118A  	fcall	_spiWrite
  1219  00E4                     i1l981:
  1220                           
  1221                           ;esclab3.c: 73:         SPI_IDLE_2_ACTIVE);
  1222  00E4  1283               	bcf	3,5	;RP0=0, select bank0
  1223  00E5  1303               	bcf	3,6	;RP1=0, select bank0
  1224  00E6  118C               	bcf	12,3	;volatile
  1225  00E7                     i1l111:
  1226  00E7  0874               	movf	??_isr+3,w
  1227  00E8  008A               	movwf	10
  1228  00E9  0E73               	swapf	??_isr+2,w
  1229  00EA  0083               	movwf	3
  1230  00EB  0EFE               	swapf	btemp,f
  1231  00EC  0E7E               	swapf	btemp,w
  1232  00ED  0009               	retfie
  1233  00EE                     __end_of_isr:
  1234                           
  1235                           	psect	intentry
  1236  0004                     __pintentry:	
  1237                           ;incstack = 0
  1238                           ; Regs used in _isr: [wreg+status,2+status,0+pclath+cstack]
  1239                           
  1240  0004                     interrupt_function:
  1241  007E                     saved_w	set	btemp
  1242  0004  00FE               	movwf	btemp
  1243  0005  0E03               	swapf	3,w
  1244  0006  00F3               	movwf	??_isr+2
  1245  0007  080A               	movf	10,w
  1246  0008  00F4               	movwf	??_isr+3
  1247  0009  120A  118A  288C   	ljmp	_isr
  1248                           
  1249                           	psect	text5
  1250  0163                     __ptext5:	
  1251 ;; *************** function _spiWrite *****************
  1252 ;; Defined at:
  1253 ;;		line 32 in file "spi.c"
  1254 ;; Parameters:    Size  Location     Type
  1255 ;;  dat             1    wreg     unsigned char 
  1256 ;; Auto vars:     Size  Location     Type
  1257 ;;  dat             1    0[COMMON] unsigned char 
  1258 ;; Return value:  Size  Location     Type
  1259 ;;                  1    wreg      void 
  1260 ;; Registers used:
  1261 ;;		wreg
  1262 ;; Tracked objects:
  1263 ;;		On entry : 0/0
  1264 ;;		On exit  : 0/0
  1265 ;;		Unchanged: 0/0
  1266 ;; Data sizes:     COMMON   BANK0   BANK1   BANK3   BANK2
  1267 ;;      Params:         0       0       0       0       0
  1268 ;;      Locals:         1       0       0       0       0
  1269 ;;      Temps:          0       0       0       0       0
  1270 ;;      Totals:         1       0       0       0       0
  1271 ;;Total ram usage:        1 bytes
  1272 ;; Hardware stack levels used: 1
  1273 ;; This function calls:
  1274 ;;		Nothing
  1275 ;; This function is called by:
  1276 ;;		_isr
  1277 ;; This function uses a non-reentrant model
  1278 ;;
  1279                           
  1280                           
  1281                           ;psect for function _spiWrite
  1282  0163                     _spiWrite:
  1283                           
  1284                           ;incstack = 0
  1285                           ; Regs used in _spiWrite: [wreg]
  1286                           ;spiWrite@dat stored from wreg
  1287  0163  00F0               	movwf	spiWrite@dat
  1288  0164                     i1l915:
  1289                           
  1290                           ;spi.c: 32: void spiWrite(char dat);spi.c: 33: {;spi.c: 34:     SSPBUF = dat;
  1291  0164  0870               	movf	spiWrite@dat,w
  1292  0165  1283               	bcf	3,5	;RP0=0, select bank0
  1293  0166  1303               	bcf	3,6	;RP1=0, select bank0
  1294  0167  0093               	movwf	19	;volatile
  1295  0168                     i1l26:
  1296  0168  0008               	return
  1297  0169                     __end_of_spiWrite:
  1298                           
  1299                           	psect	text6
  1300  0153                     __ptext6:	
  1301 ;; *************** function _spiRead *****************
  1302 ;; Defined at:
  1303 ;;		line 45 in file "spi.c"
  1304 ;; Parameters:    Size  Location     Type
  1305 ;;		None
  1306 ;; Auto vars:     Size  Location     Type
  1307 ;;		None
  1308 ;; Return value:  Size  Location     Type
  1309 ;;                  1    wreg      unsigned char 
  1310 ;; Registers used:
  1311 ;;		wreg, status,2, status,0, pclath, cstack
  1312 ;; Tracked objects:
  1313 ;;		On entry : 0/0
  1314 ;;		On exit  : 0/0
  1315 ;;		Unchanged: 0/0
  1316 ;; Data sizes:     COMMON   BANK0   BANK1   BANK3   BANK2
  1317 ;;      Params:         0       0       0       0       0
  1318 ;;      Locals:         0       0       0       0       0
  1319 ;;      Temps:          0       0       0       0       0
  1320 ;;      Totals:         0       0       0       0       0
  1321 ;;Total ram usage:        0 bytes
  1322 ;; Hardware stack levels used: 1
  1323 ;; Hardware stack levels required when called: 1
  1324 ;; This function calls:
  1325 ;;		_spiReceiveWait
  1326 ;; This function is called by:
  1327 ;;		_isr
  1328 ;; This function uses a non-reentrant model
  1329 ;;
  1330                           
  1331                           
  1332                           ;psect for function _spiRead
  1333  0153                     _spiRead:
  1334  0153                     i1l917:	
  1335                           ;incstack = 0
  1336                           ; Regs used in _spiRead: [wreg+status,2+status,0+pclath+cstack]
  1337                           
  1338                           
  1339                           ;spi.c: 47:     spiReceiveWait();
  1340  0153  120A  118A  215C  120A  118A  	fcall	_spiReceiveWait
  1341  0158                     i1l919:
  1342                           
  1343                           ;spi.c: 48:     return(SSPBUF);
  1344  0158  1283               	bcf	3,5	;RP0=0, select bank0
  1345  0159  1303               	bcf	3,6	;RP1=0, select bank0
  1346  015A  0813               	movf	19,w	;volatile
  1347  015B                     i1l34:
  1348  015B  0008               	return
  1349  015C                     __end_of_spiRead:
  1350                           
  1351                           	psect	text7
  1352  015C                     __ptext7:	
  1353 ;; *************** function _spiReceiveWait *****************
  1354 ;; Defined at:
  1355 ;;		line 27 in file "spi.c"
  1356 ;; Parameters:    Size  Location     Type
  1357 ;;		None
  1358 ;; Auto vars:     Size  Location     Type
  1359 ;;		None
  1360 ;; Return value:  Size  Location     Type
  1361 ;;                  1    wreg      void 
  1362 ;; Registers used:
  1363 ;;		None
  1364 ;; Tracked objects:
  1365 ;;		On entry : 0/0
  1366 ;;		On exit  : 0/0
  1367 ;;		Unchanged: 0/0
  1368 ;; Data sizes:     COMMON   BANK0   BANK1   BANK3   BANK2
  1369 ;;      Params:         0       0       0       0       0
  1370 ;;      Locals:         0       0       0       0       0
  1371 ;;      Temps:          0       0       0       0       0
  1372 ;;      Totals:         0       0       0       0       0
  1373 ;;Total ram usage:        0 bytes
  1374 ;; Hardware stack levels used: 1
  1375 ;; This function calls:
  1376 ;;		Nothing
  1377 ;; This function is called by:
  1378 ;;		_spiRead
  1379 ;; This function uses a non-reentrant model
  1380 ;;
  1381                           
  1382                           
  1383                           ;psect for function _spiReceiveWait
  1384  015C                     _spiReceiveWait:
  1385  015C                     i1l913:	
  1386                           ;incstack = 0
  1387                           ; Regs used in _spiReceiveWait: []
  1388                           
  1389  015C                     i1l20:	
  1390                           ;spi.c: 29:     while ( !SSPSTATbits.BF );
  1391                           
  1392  015C  1683               	bsf	3,5	;RP0=1, select bank1
  1393  015D  1303               	bcf	3,6	;RP1=0, select bank1
  1394  015E  1C14               	btfss	20,0	;volatile
  1395  015F  2961               	goto	u9_21
  1396  0160  2962               	goto	u9_20
  1397  0161                     u9_21:
  1398  0161  295C               	goto	i1l20
  1399  0162                     u9_20:
  1400  0162                     i1l23:
  1401  0162  0008               	return
  1402  0163                     __end_of_spiReceiveWait:
  1403  007E                     btemp	set	126	;btemp
  1404  007E                     wtemp0	set	126
  1405                           
  1406                           	psect	config
  1407                           
  1408                           ;Config register CONFIG1 @ 0x2007
  1409                           ;	Oscillator Selection bits
  1410                           ;	FOSC = INTRC_NOCLKOUT, INTOSCIO oscillator: I/O function on RA6/OSC2/CLKOUT pin, I/O f
      +                          unction on RA7/OSC1/CLKIN
  1411                           ;	Watchdog Timer Enable bit
  1412                           ;	WDTE = OFF, WDT disabled and can be enabled by SWDTEN bit of the WDTCON register
  1413                           ;	Power-up Timer Enable bit
  1414                           ;	PWRTE = OFF, PWRT disabled
  1415                           ;	RE3/MCLR pin function select bit
  1416                           ;	MCLRE = OFF, RE3/MCLR pin function is digital input, MCLR internally tied to VDD
  1417                           ;	Code Protection bit
  1418                           ;	CP = OFF, Program memory code protection is disabled
  1419                           ;	Data Code Protection bit
  1420                           ;	CPD = OFF, Data memory code protection is disabled
  1421                           ;	Brown Out Reset Selection bits
  1422                           ;	BOREN = OFF, BOR disabled
  1423                           ;	Internal External Switchover bit
  1424                           ;	IESO = OFF, Internal/External Switchover mode is disabled
  1425                           ;	Fail-Safe Clock Monitor Enabled bit
  1426                           ;	FCMEN = OFF, Fail-Safe Clock Monitor is disabled
  1427                           ;	Low Voltage Programming Enable bit
  1428                           ;	LVP = OFF, RB3 pin has digital I/O, HV on MCLR must be used for programming
  1429                           ;	In-Circuit Debugger Mode bit
  1430                           ;	DEBUG = 0x1, unprogrammed default
  1431  2007                     	org	8199
  1432  2007  20D4               	dw	8404
  1433                           
  1434                           ;Config register CONFIG2 @ 0x2008
  1435                           ;	Brown-out Reset Selection bit
  1436                           ;	BOR4V = BOR40V, Brown-out Reset set to 4.0V
  1437                           ;	Flash Program Memory Self Write Enable bits
  1438                           ;	WRT = OFF, Write protection off
  1439  2008                     	org	8200
  1440  2008  3FFF               	dw	16383

Data Sizes:
    Strings     0
    Constant    0
    Data        0
    BSS         12
    Persistent  0
    Stack       0

Auto Spaces:
    Space          Size  Autos    Used
    COMMON           14      5       9
    BANK0            80      5      13
    BANK1            80      0       0
    BANK3            96      0       0
    BANK2            96      0       0

Pointer List with Targets:

    None.

Critical Paths under _main in COMMON

    None.

Critical Paths under _isr in COMMON

    _isr->_spiWrite

Critical Paths under _main in BANK0

    _setup->_spiInit

Critical Paths under _isr in BANK0

    None.

Critical Paths under _main in BANK1

    None.

Critical Paths under _isr in BANK1

    None.

Critical Paths under _main in BANK3

    None.

Critical Paths under _isr in BANK3

    None.

Critical Paths under _main in BANK2

    None.

Critical Paths under _isr in BANK2

    None.

Call Graph Tables:

 ---------------------------------------------------------------------------------
 (Depth) Function   	        Calls       Base Space   Used Autos Params    Refs
 ---------------------------------------------------------------------------------
 (0) _main                                                 1     1      0     478
                                              4 BANK0      1     1      0
                              _setup
 ---------------------------------------------------------------------------------
 (1) _setup                                                0     0      0     478
                         _ADC_config
                            _spiInit
 ---------------------------------------------------------------------------------
 (2) _spiInit                                              4     1      3     456
                                              0 BANK0      4     1      3
 ---------------------------------------------------------------------------------
 (2) _ADC_config                                           3     3      0      22
                                              0 BANK0      3     3      0
 ---------------------------------------------------------------------------------
 Estimated maximum stack depth 2
 ---------------------------------------------------------------------------------
 (Depth) Function   	        Calls       Base Space   Used Autos Params    Refs
 ---------------------------------------------------------------------------------
 (3) _isr                                                  4     4      0      22
                                              1 COMMON     4     4      0
                            _spiRead
                           _spiWrite
 ---------------------------------------------------------------------------------
 (4) _spiWrite                                             1     1      0      22
                                              0 COMMON     1     1      0
 ---------------------------------------------------------------------------------
 (4) _spiRead                                              0     0      0       0
                     _spiReceiveWait
 ---------------------------------------------------------------------------------
 (5) _spiReceiveWait                                       0     0      0       0
 ---------------------------------------------------------------------------------
 Estimated maximum stack depth 5
 ---------------------------------------------------------------------------------

 Call Graph Graphs:

 _main (ROOT)
   _setup
     _ADC_config
     _spiInit

 _isr (ROOT)
   _spiRead
     _spiReceiveWait
   _spiWrite

 Address spaces:
Name               Size   Autos  Total    Cost      Usage
BITCOMMON            E      0       0       0        0.0%
EEDATA             100      0       0       0        0.0%
NULL                 0      0       0       0        0.0%
CODE                 0      0       0       0        0.0%
COMMON               E      5       9       1       64.3%
BITSFR0              0      0       0       1        0.0%
SFR0                 0      0       0       1        0.0%
BITSFR1              0      0       0       2        0.0%
SFR1                 0      0       0       2        0.0%
STACK                0      0       0       2        0.0%
ABS                  0      0      16       3        0.0%
BITBANK0            50      0       0       4        0.0%
BITSFR3              0      0       0       4        0.0%
SFR3                 0      0       0       4        0.0%
BANK0               50      5       D       5       16.2%
BITSFR2              0      0       0       5        0.0%
SFR2                 0      0       0       5        0.0%
BITBANK1            50      0       0       6        0.0%
BANK1               50      0       0       7        0.0%
BITBANK3            60      0       0       8        0.0%
BANK3               60      0       0       9        0.0%
BITBANK2            60      0       0      10        0.0%
BANK2               60      0       0      11        0.0%
DATA                 0      0      16      12        0.0%


Microchip Technology PIC Macro Assembler V2.32 build 20210201212658 
Symbol Table                                                                                   Thu Aug 05 11:59:41 2021

            _SSPSTATbits 0094                       l16 0134                       l17 0139  
                     l49 008B                      l123 011B                      _ADC 0077  
                    u150 0128                      u207 0053                      u151 0127  
                    u160 0145                      u217 0067                      u161 0144  
                    u177 0149                      u187 002B                      u197 003F  
                    _isr 008C      __size_of_ADC_config 006B                     l1011 011F  
                   l1021 0024                     l1013 0128                     l1101 00F3  
                   l1031 0032                     l1023 0025                     l1015 012C  
                   l1111 00FC                     l1103 00F6                     l1041 003B  
                   l1033 0033                     l1025 0027                     l1017 012E  
                   l1121 0103                     l1113 00FD                     l1105 00F7  
                   l1051 004A                     l1043 0042                     l1035 0036  
                   l1027 002E                     l1019 0133                     l1131 0114  
                   l1123 0104                     l1115 00FE                     l1107 00F8  
                   l1061 0059                     l1053 004B                     l1045 0045  
                   l1037 0037                     l1029 0031                     l1133 0115  
                   l1125 010F                     l1117 00FF                     l1109 00F9  
                   l1141 014C                     l1071 0061                     l1063 005A  
                   l1055 004D                     l1047 0046                     l1039 0039  
                   l1127 0112                     l1119 0100                     l1135 013A  
                   l1081 006F                     l1073 0063                     l1065 005B  
                   l1057 004F                     l1049 0047                     l1129 0113  
                   l1137 013F                     l1083 0072                     l1075 006A  
                   l1067 005E                     l1059 0056                     l1139 0145  
                   l1173 007D                     l1085 0073                     l1077 006D  
                   l1069 005F                     l1079 006E                     l1089 0075  
                   l1097 00EE                     l1099 00F2                     _ADC2 0075  
                   ?_isr 0070                     i1l20 015C                     i1l23 0162  
                   i1l34 015B                     i1l26 0168                     u9_20 0162  
                   u9_21 0161                     _main 013A                     btemp 007E  
                   start 000C           ADC_config@frec 002A                    ??_isr 0071  
                  ?_main 0070                    _ANSEL 0188                    i1l111 00E7  
                  i1l913 015C                    i1l915 0164                    i1l917 0153  
                  i1l919 0158                    i1l961 008C                    i1l971 00B0  
                  i1l963 0092                    i1l981 00E4                    i1l973 00B2  
                  i1l965 009B                    i1l975 00B9                    i1l967 00A2  
                  i1l969 00A7                    i1l977 00BA                    i1l979 00BE  
                  u10_20 0092                    u10_21 0091                    u11_20 009B  
                  u11_21 009A                    u12_20 00B0                    u12_21 00AF  
                  u13_20 00BE                    u13_21 00BD                    _PORTB 0006  
                  _PORTD 0008                    _TRISB 0086                    _TRISD 0088  
                  _SSPIF 0063                    _setup 00EE                    pclath 000A  
        __end_of_spiInit 013A          __end_of_spiRead 015C                    status 0003  
                  wtemp0 007E          __initialization 000F             __end_of_main 0153  
                 ??_main 002C                   _ADRESH 001E                   ?_setup 0070  
                 _ANSELH 0189                   _TRISC3 043B                   _TRISC5 043D  
                 _SSPCON 0014                   _SSPBUF 0013             ??_ADC_config 0028  
                 saved_w 007E         __end_of_spiWrite 0169                ??_spiInit 0075  
              ??_spiRead 0070       __end_of_ADC_config 008C  __end_of__initialization 001D  
         __pcstackCOMMON 0070            __end_of_setup 011C                  ??_setup 0075  
             __pbssBANK0 0020               __pmaintext 013A               __pintentry 0004  
__size_of_spiReceiveWait 0007                  _SSPSTAT 0094                ?_spiWrite 0070  
                __ptext1 00EE                  __ptext2 011C                  __ptext3 0021  
                __ptext4 008C                  __ptext5 0163                  __ptext6 0153  
                __ptext7 015C             __size_of_isr 0062                  _spiInit 011C  
                _spiRead 0153                  _trash01 0026                  _trash02 0024  
                _trash03 0022     end_of_initialization 001D               ??_spiWrite 0070  
              _TRISAbits 0085              spiWrite@dat 0070           _spiReceiveWait 015C  
    start_initialization 000F              __end_of_isr 00EE   __end_of_spiReceiveWait 0163  
            __pbssCOMMON 0075                ___latbits 0002            __pcstackBANK0 0028  
        ?_spiReceiveWait 0070        __size_of_spiWrite 0006                 ?_spiInit 0028  
               ?_spiRead 0070           __size_of_setup 002E     spiInit@sTransmitEdge 002A  
      interrupt_function 0004                 _PIE1bits 008C       spiInit@sDataSample 0028  
               _PIR1bits 000C               _ADCON0bits 001F               _ADCON1bits 009F  
             _ADC_config 0021         __size_of_spiInit 001E         __size_of_spiRead 0009  
               _contador 0020            __size_of_main 0019                 _spiWrite 0163  
           spiInit@sType 002B        spiInit@sClockIdle 0029               _INTCONbits 000B  
               intlevel1 0000         ??_spiReceiveWait 0070               _OSCCONbits 008F  
            ?_ADC_config 0070  
